  Surface.cpp
  Main.cpp
D:\GitHub\4332-assignments\Sample\Main.cpp(306,62): warning C4305: 'argument': truncation from 'double' to 'GLfloat'
D:\GitHub\4332-assignments\Sample\Main.cpp(306,41): warning C4244: 'argument': conversion from 'double' to 'GLfloat', possible loss of data
D:\GitHub\4332-assignments\Sample\Main.cpp(307,64): warning C4305: 'argument': truncation from 'double' to 'GLfloat'
D:\GitHub\4332-assignments\Sample\Main.cpp(307,28): warning C4244: 'argument': conversion from 'double' to 'GLfloat', possible loss of data
D:\GitHub\4332-assignments\Sample\Main.cpp(308,63): warning C4305: 'argument': truncation from 'double' to 'GLfloat'
D:\GitHub\4332-assignments\Sample\Main.cpp(308,28): warning C4244: 'argument': conversion from 'double' to 'GLfloat', possible loss of data
D:\GitHub\4332-assignments\Sample\Main.cpp(309,30): warning C4244: 'argument': conversion from 'double' to 'GLfloat', possible loss of data
D:\GitHub\4332-assignments\Sample\Main.cpp(333,17): warning C4244: 'initializing': conversion from 'int' to 'float', possible loss of data
D:\GitHub\4332-assignments\Sample\Main.cpp(334,17): warning C4244: 'initializing': conversion from 'int' to 'float', possible loss of data
D:\GitHub\4332-assignments\Sample\Main.cpp(335,17): warning C4244: 'initializing': conversion from 'int' to 'float', possible loss of data
  RGBColor.cpp
D:\GitHub\4332-assignments\Sample\RGBColor.cpp(49,42): error C2511: 'void RGBColor::toGLfloatArray(GLfloat)': overloaded member function not found in 'RGBColor'
D:\GitHub\4332-assignments\Sample\RGBColor.h(16): message : see declaration of 'RGBColor'
D:\GitHub\4332-assignments\Sample\RGBColor.cpp(50,4): error C2059: syntax error: ']'
D:\GitHub\4332-assignments\Sample\RGBColor.cpp(50,8): error C2143: syntax error: missing ';' before '{'
D:\GitHub\4332-assignments\Sample\RGBColor.cpp(50,9): error C2352: 'RGBColor::getRed': illegal call of non-static member function
D:\GitHub\4332-assignments\Sample\RGBColor.cpp(44): message : see declaration of 'RGBColor::getRed'
D:\GitHub\4332-assignments\Sample\RGBColor.cpp(50,19): error C2352: 'RGBColor::getBlue': illegal call of non-static member function
D:\GitHub\4332-assignments\Sample\RGBColor.cpp(45): message : see declaration of 'RGBColor::getBlue'
D:\GitHub\4332-assignments\Sample\RGBColor.cpp(50,29): error C2352: 'RGBColor::getGreen': illegal call of non-static member function
D:\GitHub\4332-assignments\Sample\RGBColor.cpp(46): message : see declaration of 'RGBColor::getGreen'
D:\GitHub\4332-assignments\Sample\RGBColor.cpp(50,39): error C2143: syntax error: missing ';' before '}'
  Generating Code...
