  Location.cpp
D:\GitHub\4332-assignments\Polygon_Animation\RGBColor.h(2,1): warning C4067: unexpected tokens following preprocessor directive - expected a newline
D:\GitHub\4332-assignments\Polygon_Animation\Location.h(3,1): warning C4067: unexpected tokens following preprocessor directive - expected a newline
D:\GitHub\4332-assignments\Polygon_Animation\Location.cpp(10,16): error C2011: 'Location': 'class' type redefinition
D:\GitHub\4332-assignments\Polygon_Animation\Location.h(12): message : see declaration of 'Location'
  main.cpp
D:\GitHub\4332-assignments\Polygon_Animation\RGBColor.h(2,1): warning C4067: unexpected tokens following preprocessor directive - expected a newline
D:\GitHub\4332-assignments\Polygon_Animation\Location.h(3,1): warning C4067: unexpected tokens following preprocessor directive - expected a newline
D:\GitHub\4332-assignments\Polygon_Animation\Shape.h(4,1): warning C4067: unexpected tokens following preprocessor directive - expected a newline
D:\GitHub\4332-assignments\Polygon_Animation\main.cpp(52,83): warning C4244: 'argument': conversion from 'double' to 'GLfloat', possible loss of data
D:\GitHub\4332-assignments\Polygon_Animation\main.cpp(52,59): warning C4244: 'argument': conversion from 'double' to 'GLfloat', possible loss of data
D:\GitHub\4332-assignments\Polygon_Animation\main.cpp(52,34): warning C4244: 'argument': conversion from 'double' to 'GLfloat', possible loss of data
D:\GitHub\4332-assignments\Polygon_Animation\main.cpp(54,56): warning C4244: 'argument': conversion from 'double' to 'GLfloat', possible loss of data
D:\GitHub\4332-assignments\Polygon_Animation\main.cpp(54,36): warning C4244: 'argument': conversion from 'double' to 'GLfloat', possible loss of data
  Shape.cpp
D:\GitHub\4332-assignments\Polygon_Animation\RGBColor.h(2,1): warning C4067: unexpected tokens following preprocessor directive - expected a newline
D:\GitHub\4332-assignments\Polygon_Animation\Location.h(3,1): warning C4067: unexpected tokens following preprocessor directive - expected a newline
D:\GitHub\4332-assignments\Polygon_Animation\Shape.h(4,1): warning C4067: unexpected tokens following preprocessor directive - expected a newline
D:\GitHub\4332-assignments\Polygon_Animation\Shape.h(18,17): error C3646: 'drawMode': unknown override specifier
D:\GitHub\4332-assignments\Polygon_Animation\Shape.h(18,17): error C4430: missing type specifier - int assumed. Note: C++ does not support default-int
D:\GitHub\4332-assignments\Polygon_Animation\Shape.h(24,71): error C2061: syntax error: identifier 'GLint'
D:\GitHub\4332-assignments\Polygon_Animation\Shape.h(30,26): error C2061: syntax error: identifier 'GLint'
D:\GitHub\4332-assignments\Polygon_Animation\Shape.h(37,20): error C3646: 'getDrawMode': unknown override specifier
D:\GitHub\4332-assignments\Polygon_Animation\Shape.h(37,20): error C2059: syntax error: '('
D:\GitHub\4332-assignments\Polygon_Animation\Shape.h(37,22): error C2238: unexpected token(s) preceding ';'
D:\GitHub\4332-assignments\Polygon_Animation\Shape.cpp(12,13): error C2011: 'Shape': 'class' type redefinition
D:\GitHub\4332-assignments\Polygon_Animation\Shape.h(13): message : see declaration of 'Shape'
  Generating Code...
